<?xml version="1.0" encoding="UTF-8"?>
<!-- Generated by org.testng.reporters.JUnitXMLReporter -->
<testsuite ignored="3" hostname="Qkan-PC" failures="0" tests="1" name="Default test" time="2.823" errors="0" timestamp="25 Sep 2018 16:39:43 GMT">
  <testcase classname="RESTfulAPITesting.RESTfulAPITesting.RESTfulApiGSON" name="jsonValidationOfComments" time="2.791"/>
  <testcase classname="RESTfulAPITesting.RESTfulAPITesting.RESTfulApiGSON" name="jsonValidationOfTodo" time="0.0">
    <ignored/>
  </testcase> <!-- jsonValidationOfTodo -->
  <testcase classname="RESTfulAPITesting.RESTfulAPITesting.RESTfulApiGSON" name="testWithJsonToHashMap" time="0.0">
    <ignored/>
  </testcase> <!-- testWithJsonToHashMap -->
  <testcase classname="RESTfulAPITesting.RESTfulAPITesting.RESTfulApiGSON" name="convertJsonToListOfMaps" time="0.0">
    <ignored/>
  </testcase> <!-- convertJsonToListOfMaps -->
</testsuite> <!-- Default test -->
