<?xml version="1.0" encoding="UTF-8"?>
<!-- Generated by org.testng.reporters.JUnitXMLReporter -->
<testsuite ignored="0" hostname="Qkan-PC" failures="10" tests="18" name="Test" time="11.291" errors="0" timestamp="02 Oct 2018 00:39:48 GMT">
  <testcase classname="RESTfulAPITesting.RESTfulAPITesting.RESTfulApiPostRequest" name="postUsingHashMap" time="2.94"/>
  <testcase classname="RESTfulAPITesting.RESTfulAPITesting.RESTfulApiPostRequest" name="postUsingPOJO" time="0.481">
    <failure type="java.lang.SecurityException" message="class &amp;quot;org.hamcrest.Matchers&amp;quot;&amp;apos;s signer information does not match signer information of other classes in the same package">
      <![CDATA[java.lang.SecurityException: class "org.hamcrest.Matchers"'s signer information does not match signer information of other classes in the same package
at java.base/java.lang.ClassLoader.checkCerts(ClassLoader.java:1141)
at java.base/java.lang.ClassLoader.preDefineClass(ClassLoader.java:896)
at java.base/java.lang.ClassLoader.defineClass(ClassLoader.java:1005)
at java.base/java.security.SecureClassLoader.defineClass(SecureClassLoader.java:174)
at java.base/jdk.internal.loader.BuiltinClassLoader.defineClass(BuiltinClassLoader.java:801)
at java.base/jdk.internal.loader.BuiltinClassLoader.findClassOnClassPathOrNull(BuiltinClassLoader.java:699)
at java.base/jdk.internal.loader.BuiltinClassLoader.loadClassOrNull(BuiltinClassLoader.java:622)
at java.base/jdk.internal.loader.BuiltinClassLoader.loadClass(BuiltinClassLoader.java:580)
at java.base/jdk.internal.loader.ClassLoaders$AppClassLoader.loadClass(ClassLoaders.java:185)
at java.base/java.lang.ClassLoader.loadClass(ClassLoader.java:496)
at io.restassured.internal.ResponseSpecificationImpl.statusCode(ResponseSpecificationImpl.groovy:131)
at io.restassured.internal.ValidatableResponseOptionsImpl.statusCode(ValidatableResponseOptionsImpl.java:119)
at RESTfulAPITesting.RESTfulAPITesting.RESTfulApiPostRequest.postUsingPOJO(RESTfulApiPostRequest.java:91)
... Removed 25 stack frames]]>
    </failure>
  </testcase> <!-- postUsingPOJO -->
  <testcase classname="RESTfulAPITesting.RESTfulAPITesting.RESTfulApiGSON" name="convertJsonToListOfMaps" time="0.342"/>
  <testcase classname="RESTfulAPITesting.RESTfulAPITesting.RESTfulApiGSON" name="jsonValidationOfComments" time="0.632">
    <failure type="java.lang.SecurityException" message="class &amp;quot;org.hamcrest.Matchers&amp;quot;&amp;apos;s signer information does not match signer information of other classes in the same package">
      <![CDATA[java.lang.SecurityException: class "org.hamcrest.Matchers"'s signer information does not match signer information of other classes in the same package
at java.base/java.lang.ClassLoader.checkCerts(ClassLoader.java:1141)
at java.base/java.lang.ClassLoader.preDefineClass(ClassLoader.java:896)
at java.base/java.lang.ClassLoader.defineClass(ClassLoader.java:1005)
at java.base/java.security.SecureClassLoader.defineClass(SecureClassLoader.java:174)
at java.base/jdk.internal.loader.BuiltinClassLoader.defineClass(BuiltinClassLoader.java:801)
at java.base/jdk.internal.loader.BuiltinClassLoader.findClassOnClassPathOrNull(BuiltinClassLoader.java:699)
at java.base/jdk.internal.loader.BuiltinClassLoader.loadClassOrNull(BuiltinClassLoader.java:622)
at java.base/jdk.internal.loader.BuiltinClassLoader.loadClass(BuiltinClassLoader.java:580)
at java.base/jdk.internal.loader.ClassLoaders$AppClassLoader.loadClass(ClassLoaders.java:185)
at java.base/java.lang.ClassLoader.loadClass(ClassLoader.java:496)
at io.restassured.internal.ResponseSpecificationImpl.statusCode(ResponseSpecificationImpl.groovy:131)
at io.restassured.internal.ValidatableResponseOptionsImpl.statusCode(ValidatableResponseOptionsImpl.java:119)
at RESTfulAPITesting.RESTfulAPITesting.RESTfulApiGSON.jsonValidationOfComments(RESTfulApiGSON.java:118)
... Removed 25 stack frames]]>
    </failure>
  </testcase> <!-- jsonValidationOfComments -->
  <testcase classname="RESTfulAPITesting.RESTfulAPITesting.RESTfulApiGSON" name="jsonValidationOfTodo" time="0.706">
    <failure type="java.lang.SecurityException" message="class &amp;quot;org.hamcrest.Matchers&amp;quot;&amp;apos;s signer information does not match signer information of other classes in the same package">
      <![CDATA[java.lang.SecurityException: class "org.hamcrest.Matchers"'s signer information does not match signer information of other classes in the same package
at java.base/java.lang.ClassLoader.checkCerts(ClassLoader.java:1141)
at java.base/java.lang.ClassLoader.preDefineClass(ClassLoader.java:896)
at java.base/java.lang.ClassLoader.defineClass(ClassLoader.java:1005)
at java.base/java.security.SecureClassLoader.defineClass(SecureClassLoader.java:174)
at java.base/jdk.internal.loader.BuiltinClassLoader.defineClass(BuiltinClassLoader.java:801)
at java.base/jdk.internal.loader.BuiltinClassLoader.findClassOnClassPathOrNull(BuiltinClassLoader.java:699)
at java.base/jdk.internal.loader.BuiltinClassLoader.loadClassOrNull(BuiltinClassLoader.java:622)
at java.base/jdk.internal.loader.BuiltinClassLoader.loadClass(BuiltinClassLoader.java:580)
at java.base/jdk.internal.loader.ClassLoaders$AppClassLoader.loadClass(ClassLoaders.java:185)
at java.base/java.lang.ClassLoader.loadClass(ClassLoader.java:496)
at io.restassured.internal.ResponseSpecificationImpl.statusCode(ResponseSpecificationImpl.groovy:131)
at io.restassured.internal.ValidatableResponseOptionsImpl.statusCode(ValidatableResponseOptionsImpl.java:119)
at RESTfulAPITesting.RESTfulAPITesting.RESTfulApiGSON.jsonValidationOfTodo(RESTfulApiGSON.java:83)
... Removed 25 stack frames]]>
    </failure>
  </testcase> <!-- jsonValidationOfTodo -->
  <testcase classname="RESTfulAPITesting.RESTfulAPITesting.RESTfulApiGSON" name="testWithJsonToHashMap" time="0.363"/>
  <testcase classname="RESTfulAPITesting.RESTfulAPITesting.RESTfulApiJasonPath" name="importJsonFromFile" time="0.473"/>
  <testcase classname="RESTfulAPITesting.RESTfulAPITesting.RESTfulApiJasonPath" name="testItemsCountFromResponseBody" time="0.317">
    <failure type="java.lang.SecurityException" message="class &amp;quot;org.hamcrest.Matchers&amp;quot;&amp;apos;s signer information does not match signer information of other classes in the same package">
      <![CDATA[java.lang.SecurityException: class "org.hamcrest.Matchers"'s signer information does not match signer information of other classes in the same package
at java.base/java.lang.ClassLoader.checkCerts(ClassLoader.java:1141)
at java.base/java.lang.ClassLoader.preDefineClass(ClassLoader.java:896)
at java.base/java.lang.ClassLoader.defineClass(ClassLoader.java:1005)
at java.base/java.security.SecureClassLoader.defineClass(SecureClassLoader.java:174)
at java.base/jdk.internal.loader.BuiltinClassLoader.defineClass(BuiltinClassLoader.java:801)
at java.base/jdk.internal.loader.BuiltinClassLoader.findClassOnClassPathOrNull(BuiltinClassLoader.java:699)
at java.base/jdk.internal.loader.BuiltinClassLoader.loadClassOrNull(BuiltinClassLoader.java:622)
at java.base/jdk.internal.loader.BuiltinClassLoader.loadClass(BuiltinClassLoader.java:580)
at java.base/jdk.internal.loader.ClassLoaders$AppClassLoader.loadClass(ClassLoaders.java:185)
at java.base/java.lang.ClassLoader.loadClass(ClassLoader.java:496)
at io.restassured.internal.ResponseSpecificationImpl.statusCode(ResponseSpecificationImpl.groovy:131)
at io.restassured.internal.ValidatableResponseOptionsImpl.statusCode(ValidatableResponseOptionsImpl.java:119)
at RESTfulAPITesting.RESTfulAPITesting.RESTfulApiJasonPath.testItemsCountFromResponseBody(RESTfulApiJasonPath.java:44)
... Removed 25 stack frames]]>
    </failure>
  </testcase> <!-- testItemsCountFromResponseBody -->
  <testcase classname="RESTfulAPITesting.RESTfulAPITesting.RESTfulApiJasonPath" name="testJasonPathWithList" time="0.545"/>
  <testcase classname="RESTfulAPITesting.RESTfulAPITesting.RESTfulApiJasonPath" name="testWithJasonPath" time="0.513"/>
  <testcase classname="RESTfulAPITesting.RESTfulAPITesting.RESTfulApiJasonPath" name="testWithPathParameter" time="0.297">
    <failure type="java.lang.SecurityException" message="class &amp;quot;org.hamcrest.Matchers&amp;quot;&amp;apos;s signer information does not match signer information of other classes in the same package">
      <![CDATA[java.lang.SecurityException: class "org.hamcrest.Matchers"'s signer information does not match signer information of other classes in the same package
at java.base/java.lang.ClassLoader.checkCerts(ClassLoader.java:1141)
at java.base/java.lang.ClassLoader.preDefineClass(ClassLoader.java:896)
at java.base/java.lang.ClassLoader.defineClass(ClassLoader.java:1005)
at java.base/java.security.SecureClassLoader.defineClass(SecureClassLoader.java:174)
at java.base/jdk.internal.loader.BuiltinClassLoader.defineClass(BuiltinClassLoader.java:801)
at java.base/jdk.internal.loader.BuiltinClassLoader.findClassOnClassPathOrNull(BuiltinClassLoader.java:699)
at java.base/jdk.internal.loader.BuiltinClassLoader.loadClassOrNull(BuiltinClassLoader.java:622)
at java.base/jdk.internal.loader.BuiltinClassLoader.loadClass(BuiltinClassLoader.java:580)
at java.base/jdk.internal.loader.ClassLoaders$AppClassLoader.loadClass(ClassLoaders.java:185)
at java.base/java.lang.ClassLoader.loadClass(ClassLoader.java:496)
at io.restassured.internal.ResponseSpecificationImpl.statusCode(ResponseSpecificationImpl.groovy:131)
at io.restassured.internal.ValidatableResponseOptionsImpl.statusCode(ValidatableResponseOptionsImpl.java:119)
at RESTfulAPITesting.RESTfulAPITesting.RESTfulApiJasonPath.testWithPathParameter(RESTfulApiJasonPath.java:88)
... Removed 25 stack frames]]>
    </failure>
  </testcase> <!-- testWithPathParameter -->
  <testcase classname="RESTfulAPITesting.RESTfulAPITesting.RESTfulApiJasonPath" name="testWithQueryParameterAndList" time="0.437">
    <failure type="java.lang.SecurityException" message="class &amp;quot;org.hamcrest.Matchers&amp;quot;&amp;apos;s signer information does not match signer information of other classes in the same package">
      <![CDATA[java.lang.SecurityException: class "org.hamcrest.Matchers"'s signer information does not match signer information of other classes in the same package
at java.base/java.lang.ClassLoader.checkCerts(ClassLoader.java:1141)
at java.base/java.lang.ClassLoader.preDefineClass(ClassLoader.java:896)
at java.base/java.lang.ClassLoader.defineClass(ClassLoader.java:1005)
at java.base/java.security.SecureClassLoader.defineClass(SecureClassLoader.java:174)
at java.base/jdk.internal.loader.BuiltinClassLoader.defineClass(BuiltinClassLoader.java:801)
at java.base/jdk.internal.loader.BuiltinClassLoader.findClassOnClassPathOrNull(BuiltinClassLoader.java:699)
at java.base/jdk.internal.loader.BuiltinClassLoader.loadClassOrNull(BuiltinClassLoader.java:622)
at java.base/jdk.internal.loader.BuiltinClassLoader.loadClass(BuiltinClassLoader.java:580)
at java.base/jdk.internal.loader.ClassLoaders$AppClassLoader.loadClass(ClassLoaders.java:185)
at java.base/java.lang.ClassLoader.loadClass(ClassLoader.java:496)
at io.restassured.internal.ResponseSpecificationImpl.statusCode(ResponseSpecificationImpl.groovy:131)
at io.restassured.internal.ValidatableResponseOptionsImpl.statusCode(ValidatableResponseOptionsImpl.java:119)
at RESTfulAPITesting.RESTfulAPITesting.RESTfulApiJasonPath.testWithQueryParameterAndList(RESTfulApiJasonPath.java:64)
... Removed 25 stack frames]]>
    </failure>
  </testcase> <!-- testWithQueryParameterAndList -->
  <testcase classname="RESTfulAPITesting.RESTfulAPITesting.RESTfulApiGetRequest" name="VerifyContentTypeWithAssertThat" time="0.62">
    <failure type="java.lang.SecurityException" message="class &amp;quot;org.hamcrest.Matchers&amp;quot;&amp;apos;s signer information does not match signer information of other classes in the same package">
      <![CDATA[java.lang.SecurityException: class "org.hamcrest.Matchers"'s signer information does not match signer information of other classes in the same package
at java.base/java.lang.ClassLoader.checkCerts(ClassLoader.java:1141)
at java.base/java.lang.ClassLoader.preDefineClass(ClassLoader.java:896)
at java.base/java.lang.ClassLoader.defineClass(ClassLoader.java:1005)
at java.base/java.security.SecureClassLoader.defineClass(SecureClassLoader.java:174)
at java.base/jdk.internal.loader.BuiltinClassLoader.defineClass(BuiltinClassLoader.java:801)
at java.base/jdk.internal.loader.BuiltinClassLoader.findClassOnClassPathOrNull(BuiltinClassLoader.java:699)
at java.base/jdk.internal.loader.BuiltinClassLoader.loadClassOrNull(BuiltinClassLoader.java:622)
at java.base/jdk.internal.loader.BuiltinClassLoader.loadClass(BuiltinClassLoader.java:580)
at java.base/jdk.internal.loader.ClassLoaders$AppClassLoader.loadClass(ClassLoaders.java:185)
at java.base/java.lang.ClassLoader.loadClass(ClassLoader.java:496)
at io.restassured.internal.ResponseSpecificationImpl.statusCode(ResponseSpecificationImpl.groovy:131)
at io.restassured.internal.ValidatableResponseOptionsImpl.statusCode(ValidatableResponseOptionsImpl.java:119)
at RESTfulAPITesting.RESTfulAPITesting.RESTfulApiGetRequest.VerifyContentTypeWithAssertThat(RESTfulApiGetRequest.java:78)
... Removed 25 stack frames]]>
    </failure>
  </testcase> <!-- VerifyContentTypeWithAssertThat -->
  <testcase classname="RESTfulAPITesting.RESTfulAPITesting.RESTfulApiGetRequest" name="getWithHeaders" time="0.415">
    <failure type="java.lang.SecurityException" message="class &amp;quot;org.hamcrest.Matchers&amp;quot;&amp;apos;s signer information does not match signer information of other classes in the same package">
      <![CDATA[java.lang.SecurityException: class "org.hamcrest.Matchers"'s signer information does not match signer information of other classes in the same package
at java.base/java.lang.ClassLoader.checkCerts(ClassLoader.java:1141)
at java.base/java.lang.ClassLoader.preDefineClass(ClassLoader.java:896)
at java.base/java.lang.ClassLoader.defineClass(ClassLoader.java:1005)
at java.base/java.security.SecureClassLoader.defineClass(SecureClassLoader.java:174)
at java.base/jdk.internal.loader.BuiltinClassLoader.defineClass(BuiltinClassLoader.java:801)
at java.base/jdk.internal.loader.BuiltinClassLoader.findClassOnClassPathOrNull(BuiltinClassLoader.java:699)
at java.base/jdk.internal.loader.BuiltinClassLoader.loadClassOrNull(BuiltinClassLoader.java:622)
at java.base/jdk.internal.loader.BuiltinClassLoader.loadClass(BuiltinClassLoader.java:580)
at java.base/jdk.internal.loader.ClassLoaders$AppClassLoader.loadClass(ClassLoaders.java:185)
at java.base/java.lang.ClassLoader.loadClass(ClassLoader.java:496)
at io.restassured.internal.ResponseSpecificationImpl.statusCode(ResponseSpecificationImpl.groovy:131)
at io.restassured.internal.ValidatableResponseOptionsImpl.statusCode(ValidatableResponseOptionsImpl.java:119)
at RESTfulAPITesting.RESTfulAPITesting.RESTfulApiGetRequest.getWithHeaders(RESTfulApiGetRequest.java:48)
... Removed 25 stack frames]]>
    </failure>
  </testcase> <!-- getWithHeaders -->
  <testcase classname="RESTfulAPITesting.RESTfulAPITesting.RESTfulApiGetRequest" name="negativeGet" time="0.645"/>
  <testcase classname="RESTfulAPITesting.RESTfulAPITesting.RESTfulApiGetRequest" name="printResponse" time="0.363"/>
  <testcase classname="RESTfulAPITesting.RESTfulAPITesting.RESTfulApiGetRequest" name="simpleGet" time="0.443">
    <failure type="java.lang.SecurityException" message="class &amp;quot;org.hamcrest.Matchers&amp;quot;&amp;apos;s signer information does not match signer information of other classes in the same package">
      <![CDATA[java.lang.SecurityException: class "org.hamcrest.Matchers"'s signer information does not match signer information of other classes in the same package
at java.base/java.lang.ClassLoader.checkCerts(ClassLoader.java:1141)
at java.base/java.lang.ClassLoader.preDefineClass(ClassLoader.java:896)
at java.base/java.lang.ClassLoader.defineClass(ClassLoader.java:1005)
at java.base/java.security.SecureClassLoader.defineClass(SecureClassLoader.java:174)
at java.base/jdk.internal.loader.BuiltinClassLoader.defineClass(BuiltinClassLoader.java:801)
at java.base/jdk.internal.loader.BuiltinClassLoader.findClassOnClassPathOrNull(BuiltinClassLoader.java:699)
at java.base/jdk.internal.loader.BuiltinClassLoader.loadClassOrNull(BuiltinClassLoader.java:622)
at java.base/jdk.internal.loader.BuiltinClassLoader.loadClass(BuiltinClassLoader.java:580)
at java.base/jdk.internal.loader.ClassLoaders$AppClassLoader.loadClass(ClassLoaders.java:185)
at java.base/java.lang.ClassLoader.loadClass(ClassLoader.java:496)
at io.restassured.internal.ResponseSpecificationImpl.statusCode(ResponseSpecificationImpl.groovy:131)
at io.restassured.internal.ValidatableResponseOptionsImpl.statusCode(ValidatableResponseOptionsImpl.java:119)
at RESTfulAPITesting.RESTfulAPITesting.RESTfulApiGetRequest.simpleGet(RESTfulApiGetRequest.java:26)
... Removed 25 stack frames]]>
    </failure>
  </testcase> <!-- simpleGet -->
  <testcase classname="RESTfulAPITesting.RESTfulAPITesting.RESTfulApiGetRequest" name="verifyName" time="0.57">
    <failure type="java.lang.SecurityException" message="class &amp;quot;org.hamcrest.Matchers&amp;quot;&amp;apos;s signer information does not match signer information of other classes in the same package">
      <![CDATA[java.lang.SecurityException: class "org.hamcrest.Matchers"'s signer information does not match signer information of other classes in the same package
at java.base/java.lang.ClassLoader.checkCerts(ClassLoader.java:1141)
at java.base/java.lang.ClassLoader.preDefineClass(ClassLoader.java:896)
at java.base/java.lang.ClassLoader.defineClass(ClassLoader.java:1005)
at java.base/java.security.SecureClassLoader.defineClass(SecureClassLoader.java:174)
at java.base/jdk.internal.loader.BuiltinClassLoader.defineClass(BuiltinClassLoader.java:801)
at java.base/jdk.internal.loader.BuiltinClassLoader.findClassOnClassPathOrNull(BuiltinClassLoader.java:699)
at java.base/jdk.internal.loader.BuiltinClassLoader.loadClassOrNull(BuiltinClassLoader.java:622)
at java.base/jdk.internal.loader.BuiltinClassLoader.loadClass(BuiltinClassLoader.java:580)
at java.base/jdk.internal.loader.ClassLoaders$AppClassLoader.loadClass(ClassLoaders.java:185)
at java.base/java.lang.ClassLoader.loadClass(ClassLoader.java:496)
at io.restassured.internal.ResponseSpecificationImpl.statusCode(ResponseSpecificationImpl.groovy:131)
at io.restassured.internal.ValidatableResponseOptionsImpl.statusCode(ValidatableResponseOptionsImpl.java:119)
at RESTfulAPITesting.RESTfulAPITesting.RESTfulApiGetRequest.verifyName(RESTfulApiGetRequest.java:97)
... Removed 25 stack frames]]>
    </failure>
  </testcase> <!-- verifyName -->
</testsuite> <!-- Test -->
